<?xml version="1.0" encoding="UTF-8"?>
<!-- Generated by org.testng.reporters.JUnitReportReporter -->
<testsuite skipped="1" hostname="DESKTOP-FKLHOGH" name="testsuitA.GlobleSearch" tests="1" failures="0" timestamp="31 Dec 2020 15:24:15 GMT" time="0.000" errors="0">
  <testcase name="testGlobleSearch" time="0.000" classname="testsuitA.GlobleSearch">
    <skipped/>
  </testcase> <!-- testGlobleSearch -->
</testsuite> <!-- testsuitA.GlobleSearch -->
