<?xml version="1.0" encoding="UTF-8"?>
<!-- Generated by org.testng.reporters.JUnitReportReporter -->
<testsuite skipped="0" hostname="DESKTOP-FKLHOGH" name="testsuitA.GlobleSearch" tests="1" failures="0" timestamp="01 Jan 2021 12:59:54 GMT" time="11.796" errors="0">
  <testcase name="testGlobleSearch" time="11.796" classname="testsuitA.GlobleSearch"/>
</testsuite> <!-- testsuitA.GlobleSearch -->
