<?xml version="1.0" encoding="UTF-8"?>
<!-- Generated by org.testng.reporters.JUnitReportReporter -->
<testsuite skipped="0" hostname="DESKTOP-FKLHOGH" name="testsuitA.Validateuser" tests="1" failures="0" timestamp="30 Dec 2020 13:18:27 GMT" time="12.888" errors="0">
  <testcase name="testValidateuser" time="12.888" classname="testsuitA.Validateuser"/>
</testsuite> <!-- testsuitA.Validateuser -->
