<?xml version="1.0" encoding="UTF-8"?>
<!-- Generated by org.testng.reporters.JUnitReportReporter -->
<testsuite skipped="0" hostname="DESKTOP-FKLHOGH" name="Test1.TcOne" tests="1" failures="0" timestamp="30 Dec 2020 12:07:31 GMT" time="3.212" errors="0">
  <testcase name="testone" time="3.212" classname="Test1.TcOne"/>
</testsuite> <!-- Test1.TcOne -->
